Handle F:\OrnamentFramework\src\Ornament.MVC4WebFrame\Scripts\plugins\charts\excanvas.min.js,
Skip ~/Scripts\plugins\charts\excanvas.min.js,
Handle F:\OrnamentFramework\src\Ornament.MVC4WebFrame\Scripts\plugins\charts\jquery.flot.js,
"flot":"/bundles/flot.js",
Handle F:\OrnamentFramework\src\Ornament.MVC4WebFrame\Scripts\plugins\charts\jquery.flot.orderBars.js,
"flot.orderBars":"/bundles/flot.orderBars.js",
Handle F:\OrnamentFramework\src\Ornament.MVC4WebFrame\Scripts\plugins\charts\jquery.flot.pie.js,
"flot.pie":"/bundles/flot.pie.js",
Handle F:\OrnamentFramework\src\Ornament.MVC4WebFrame\Scripts\plugins\charts\jquery.flot.resize.js,
"flot.resize":"/bundles/flot.resize.js",
Handle F:\OrnamentFramework\src\Ornament.MVC4WebFrame\Scripts\plugins\charts\jquery.sparkline.min.js,
Skip ~/Scripts\plugins\charts\jquery.sparkline.min.js,
Handle F:\OrnamentFramework\src\Ornament.MVC4WebFrame\Scripts\plugins\forms\jquery.autosize.js,
"autosize":"/bundles/autosize.js",
Handle F:\OrnamentFramework\src\Ornament.MVC4WebFrame\Scripts\plugins\forms\jquery.form.js,
"form":"/bundles/form.js",
Handle F:\OrnamentFramework\src\Ornament.MVC4WebFrame\Scripts\plugins\forms\jquery.form.wizard.js,
"form.wizard":"/bundles/form.wizard.js",
Handle F:\OrnamentFramework\src\Ornament.MVC4WebFrame\Scripts\plugins\forms\jquery.inputlimiter.js,
"inputlimiter":"/bundles/inputlimiter.js",
Handle F:\OrnamentFramework\src\Ornament.MVC4WebFrame\Scripts\plugins\forms\jquery.listbox.js,
"listbox":"/bundles/listbox.js",
Handle F:\OrnamentFramework\src\Ornament.MVC4WebFrame\Scripts\plugins\forms\jquery.select2.js,
"select2":"/bundles/select2.js",
Handle F:\OrnamentFramework\src\Ornament.MVC4WebFrame\Scripts\plugins\forms\jquery.tagsinput.js,
"tagsinput":"/bundles/tagsinput.js",
Handle F:\OrnamentFramework\src\Ornament.MVC4WebFrame\Scripts\plugins\forms\jquery.uniform.js,
"uniform":"/bundles/uniform.js",
"jquery.bootstrap.datepicker":"/bundles/bootstrap.datepicker.js",
"jquery.inputmask":"/bundles/inputmask.js",
"jquery.validate":"/bundles/validate.js",
Handle F:\OrnamentFramework\src\Ornament.MVC4WebFrame\Scripts\plugins\tables\jquery.dataTables.js,
"dataTables":"/bundles/dataTables.js",
Handle F:\OrnamentFramework\src\Ornament.MVC4WebFrame\Scripts\plugins\ui\jquery.bootbox.js,
"bootbox":"/bundles/bootbox.js",
Handle F:\OrnamentFramework\src\Ornament.MVC4WebFrame\Scripts\plugins\ui\jquery.collapsible.js,
"collapsible":"/bundles/collapsible.js",
Handle F:\OrnamentFramework\src\Ornament.MVC4WebFrame\Scripts\plugins\ui\jquery.collapsible.min.js,
Skip ~/Scripts\plugins\ui\jquery.collapsible.min.js,
Handle F:\OrnamentFramework\src\Ornament.MVC4WebFrame\Scripts\plugins\ui\jquery.colorpicker.js,
"colorpicker":"/bundles/colorpicker.js",
Handle F:\OrnamentFramework\src\Ornament.MVC4WebFrame\Scripts\plugins\ui\jquery.easytabs.js,
"easytabs":"/bundles/easytabs.js",
Handle F:\OrnamentFramework\src\Ornament.MVC4WebFrame\Scripts\plugins\ui\jquery.elfinder.js,
"elfinder":"/bundles/elfinder.js",
Handle F:\OrnamentFramework\src\Ornament.MVC4WebFrame\Scripts\plugins\ui\jquery.fancybox.js,
"fancybox":"/bundles/fancybox.js",
Handle F:\OrnamentFramework\src\Ornament.MVC4WebFrame\Scripts\plugins\ui\jquery.fullcalendar.min.js,
Skip ~/Scripts\plugins\ui\jquery.fullcalendar.min.js,
Handle F:\OrnamentFramework\src\Ornament.MVC4WebFrame\Scripts\plugins\ui\jquery.jgrowl.js,
"jgrowl":"/bundles/jgrowl.js",
Handle F:\OrnamentFramework\src\Ornament.MVC4WebFrame\Scripts\plugins\ui\jquery.mousewheel.js,
"mousewheel":"/bundles/mousewheel.js",
Handle F:\OrnamentFramework\src\Ornament.MVC4WebFrame\Scripts\plugins\ui\jquery.nicescroll.js,
"nicescroll":"/bundles/nicescroll.js",
Handle F:\OrnamentFramework\src\Ornament.MVC4WebFrame\Scripts\plugins\ui\jquery.slimscroll.js,
"slimscroll":"/bundles/slimscroll.js",
Handle F:\OrnamentFramework\src\Ornament.MVC4WebFrame\Scripts\plugins\ui\jquery.timepicker-1.1.10.js,
"timepicker":"/bundles/timepicker.js",
Handle F:\OrnamentFramework\src\Ornament.MVC4WebFrame\Scripts\plugins\uploader\jquery.plupload.queue.js,
"plupload.queue":"/bundles/plupload.queue.js",
Handle F:\OrnamentFramework\src\Ornament.MVC4WebFrame\Scripts\plugins\uploader\plupload.html4.js,
Handle F:\OrnamentFramework\src\Ornament.MVC4WebFrame\Scripts\plugins\uploader\plupload.html5.js,
Handle F:\OrnamentFramework\src\Ornament.MVC4WebFrame\Scripts\plugins\uploader\plupload.js,
Handle F:\OrnamentFramework\src\Ornament.MVC4WebFrame\Scripts\plugins\uploader\swfupload.js,
Handle F:\OrnamentFramework\src\Ornament.MVC4WebFrame\Scripts\plugins\uploader\_swfuploadHandler.js,
Handle F:\OrnamentFramework\src\Ornament.MVC4WebFrame\Scripts\plugins\utility\jquery.dotdotdot-1.5.1.js,
"dotdotdot":"/bundles/dotdotdot.js",
Handle F:\OrnamentFramework\src\Ornament.MVC4WebFrame\Scripts\plugins\utility\jQuery.endless-scroll.js,
Handle F:\OrnamentFramework\src\Ornament.MVC4WebFrame\Scripts\plugins\utility\jQuery.tmpl.js,
Handle F:\OrnamentFramework\src\Ornament.MVC4WebFrame\Scripts\plugins\utility\jquery.toDictionary.js,
"toDictionary":"/bundles/toDictionary.js",
Handle F:\OrnamentFramework\src\Ornament.MVC4WebFrame\Scripts\plugins\utility\jquery.unobtrusive-ajax.js,
"unobtrusive-ajax":"/bundles/unobtrusive-ajax.js",
